[debug] [2022-03-11T13:11:16.959Z] ----------------------------------------------------------------------
[debug] [2022-03-11T13:11:16.991Z] Command:       C:\Program Files\nodejs\node.exe C:\Users\asus\AppData\Roaming\npm\node_modules\firebase-tools\lib\bin\firebase.js init
[debug] [2022-03-11T13:11:16.992Z] CLI Version:   10.2.2
[debug] [2022-03-11T13:11:16.993Z] Platform:      win32
[debug] [2022-03-11T13:11:16.993Z] Node Version:  v16.14.0
[debug] [2022-03-11T13:11:17.099Z] Time:          Fri Mar 11 2022 20:11:16 GMT+0700 (Waktu Indonesia Barat)
[debug] [2022-03-11T13:11:17.100Z] ----------------------------------------------------------------------
[debug] 
[debug] [2022-03-11T13:11:17.137Z] > command requires scopes: ["email","openid","https://www.googleapis.com/auth/cloudplatformprojects.readonly","https://www.googleapis.com/auth/firebase","https://www.googleapis.com/auth/cloud-platform"]
[debug] [2022-03-11T13:11:17.138Z] > authorizing via signed-in user (opoenourses@gmail.com)
[info] 
     ######## #### ########  ######## ########     ###     ######  ########
     ##        ##  ##     ## ##       ##     ##  ##   ##  ##       ##
     ######    ##  ########  ######   ########  #########  ######  ######
     ##        ##  ##    ##  ##       ##     ## ##     ##       ## ##
     ##       #### ##     ## ######## ########  ##     ##  ######  ########

You're about to initialize a Firebase project in this directory:

  C:\Users\asus\Downloads\2056_simple_life

[info] 
=== Project Setup
[info] 
[info] First, let's associate this project directory with a Firebase project.
[info] You can create multiple project aliases by running firebase use --add, 
[info] but for now we'll just set up a default project.
[info] 
[debug] [2022-03-11T13:14:02.084Z] >>> [apiv2][query] GET https://firebase.googleapis.com/v1beta1/projects pageSize=100
[debug] [2022-03-11T13:14:03.273Z] <<< [apiv2][status] GET https://firebase.googleapis.com/v1beta1/projects 200
[debug] [2022-03-11T13:14:03.273Z] <<< [apiv2][body] GET https://firebase.googleapis.com/v1beta1/projects [omitted]
[info] i  Using project mypridecityroleplay (mypridecityroleplay) 
[info] 
=== Hosting Setup
[info] 
[info] Your public directory is the folder (relative to your project directory) that
[info] will contain Hosting assets to be uploaded with firebase deploy. If you
[info] have a build process for your assets, use your build's output directory.
[info] 
[debug] [2022-03-11T13:14:45.418Z] >>> [apiv2][query] GET https://www.gstatic.com/firebasejs/releases.json [none]
[debug] [2022-03-11T13:14:45.771Z] <<< [apiv2][status] GET https://www.gstatic.com/firebasejs/releases.json 200
[debug] [2022-03-11T13:14:45.772Z] <<< [apiv2][body] GET https://www.gstatic.com/firebasejs/releases.json {"current":{"version":"9.6.8","browserURL":"https://www.gstatic.com/firebasejs/9.6.8/firebase.js","packageURL":"https://www.gstatic.com/firebasejs/9.6.8/firebase.tgz"},"live":{"version":"9.6","browserURL":"https://www.gstatic.com/firebasejs/live/9.6/firebase.js","packageURL":"https://www.gstatic.com/firebasejs/live/9.6/firebase.tgz"},"components":{"analytics":"https://www.gstatic.com/firebasejs/9.6.8/firebase-analytics.js","app":"https://www.gstatic.com/firebasejs/9.6.8/firebase-app.js","app-check":"https://www.gstatic.com/firebasejs/9.6.8/firebase-app-check.js","auth":"https://www.gstatic.com/firebasejs/9.6.8/firebase-auth.js","auth/cordova":"https://www.gstatic.com/firebasejs/9.6.8/firebase-auth/cordova.js","auth/react-native":"https://www.gstatic.com/firebasejs/9.6.8/firebase-auth/react-native.js","functions":"https://www.gstatic.com/firebasejs/9.6.8/firebase-functions.js","firestore":"https://www.gstatic.com/firebasejs/9.6.8/firebase-firestore.js","firestore/lite":"https://www.gstatic.com/firebasejs/9.6.8/firebase-firestore/lite.js","storage":"https://www.gstatic.com/firebasejs/9.6.8/firebase-storage.js","performance":"https://www.gstatic.com/firebasejs/9.6.8/firebase-performance.js","remote-config":"https://www.gstatic.com/firebasejs/9.6.8/firebase-remote-config.js","messaging":"https://www.gstatic.com/firebasejs/9.6.8/firebase-messaging.js","messaging/sw":"https://www.gstatic.com/firebasejs/9.6.8/firebase-messaging/sw.js","database":"https://www.gstatic.com/firebasejs/9.6.8/firebase-database.js","firestore.memory":"https://www.gstatic.com/firebasejs/9.6.8/firebase-firestore.memory.js"}}
[info] +  Wrote yes/index.html 
[info] 
[info] i  Didn't detect a .git folder. Assuming C:\Users\asus\Downloads\2056_simple_life is the project root. 
[info] i  Authorizing with GitHub to upload your service account to a GitHub repository's secrets store. 
[info] 
[info] Visit this URL on this device to log in:
[info] https://github.com/login/oauth/authorize?client_id=89cf50f02ac6aaed3484&state=260155108&redirect_uri=http%3A%2F%2Flocalhost%3A9005&scope=read%3Auser%20repo%20public_repo
[info] 
[info] Waiting for authentication...
[debug] [2022-03-11T13:15:46.945Z] >>> HTTP REQUEST POST https://github.com/login/oauth/access_token  
 {"client_id":"89cf50f02ac6aaed3484","client_secret":"3330d14abc895d9a74d5f17cd7a00711fa2c5bf0","code":"7f0caeaa08fce9c5527e","redirect_uri":"http://localhost:9005","state":"260155108"}
[debug] [2022-03-11T13:15:47.734Z] <<< HTTP RESPONSE 200 {"server":"GitHub.com","date":"Fri, 11 Mar 2022 13:15:51 GMT","content-type":"application/json; charset=utf-8","transfer-encoding":"chunked","vary":"X-PJAX, X-PJAX-Container, Accept-Encoding, Accept, X-Requested-With","permissions-policy":"interest-cohort=()","etag":"W/\"b4019a13ca376a77fc69faf2b7bf92d9\"","cache-control":"max-age=0, private, must-revalidate","strict-transport-security":"max-age=31536000; includeSubdomains; preload","x-frame-options":"deny","x-content-type-options":"nosniff","x-xss-protection":"0","referrer-policy":"origin-when-cross-origin, strict-origin-when-cross-origin","expect-ct":"max-age=2592000, report-uri=\"https://api.github.com/_private/browser/errors\"","content-security-policy":"default-src 'none'; base-uri 'self'; block-all-mixed-content; child-src github.com/assets-cdn/worker/ gist.github.com/assets-cdn/worker/; connect-src 'self' uploads.github.com objects-origin.githubusercontent.com www.githubstatus.com collector.githubapp.com collector.github.com api.github.com github-cloud.s3.amazonaws.com github-production-repository-file-5c1aeb.s3.amazonaws.com github-production-upload-manifest-file-7fdce7.s3.amazonaws.com github-production-user-asset-6210df.s3.amazonaws.com cdn.optimizely.com logx.optimizely.com/v1/events translator.github.com wss://alive.github.com; font-src github.githubassets.com; form-action 'self' github.com gist.github.com objects-origin.githubusercontent.com; frame-ancestors 'none'; frame-src render.githubusercontent.com viewscreen.githubusercontent.com notebooks.githubusercontent.com; img-src 'self' data: github.githubassets.com identicons.github.com collector.githubapp.com collector.github.com github-cloud.s3.amazonaws.com secured-user-images.githubusercontent.com/ *.githubusercontent.com; manifest-src 'self'; media-src github.com user-images.githubusercontent.com/; script-src github.githubassets.com; style-src 'unsafe-inline' github.githubassets.com; worker-src github.com/assets-cdn/worker/ gist.github.com/assets-cdn/worker/","x-github-request-id":"EE49:0290:EF8B26:1272D90:622B4B87"}
[debug] [2022-03-11T13:15:47.831Z] >>> [apiv2][query] GET https://api.github.com/user [none]
[debug] [2022-03-11T13:15:48.390Z] <<< [apiv2][status] GET https://api.github.com/user 200
[debug] [2022-03-11T13:15:48.391Z] <<< [apiv2][body] GET https://api.github.com/user {"login":"RoysCors","id":99061437,"node_id":"U_kgDOBeeOvQ","avatar_url":"https://avatars.githubusercontent.com/u/99061437?v=4","gravatar_id":"","url":"https://api.github.com/users/RoysCors","html_url":"https://github.com/RoysCors","followers_url":"https://api.github.com/users/RoysCors/followers","following_url":"https://api.github.com/users/RoysCors/following{/other_user}","gists_url":"https://api.github.com/users/RoysCors/gists{/gist_id}","starred_url":"https://api.github.com/users/RoysCors/starred{/owner}{/repo}","subscriptions_url":"https://api.github.com/users/RoysCors/subscriptions","organizations_url":"https://api.github.com/users/RoysCors/orgs","repos_url":"https://api.github.com/users/RoysCors/repos","events_url":"https://api.github.com/users/RoysCors/events{/privacy}","received_events_url":"https://api.github.com/users/RoysCors/received_events","type":"User","site_admin":false,"name":null,"company":null,"blog":"","location":null,"email":null,"hireable":null,"bio":null,"twitter_username":null,"public_repos":0,"public_gists":0,"followers":0,"following":0,"created_at":"2022-02-05T03:31:34Z","updated_at":"2022-02-20T16:24:59Z","private_gists":0,"total_private_repos":0,"owned_private_repos":0,"disk_usage":0,"collaborators":0,"two_factor_authentication":false,"plan":{"name":"free","space":976562499,"collaborators":0,"private_repos":10000}}
[info] 
[info] +  Success! Logged into GitHub as RoysCors 
[info] 
[debug] [2022-03-11T13:16:10.317Z] >>> [apiv2][query] GET https://api.github.com/repos/mypridecity/actions/secrets/public-key type=owner
[debug] [2022-03-11T13:16:10.901Z] <<< [apiv2][status] GET https://api.github.com/repos/mypridecity/actions/secrets/public-key 404
[debug] [2022-03-11T13:16:10.902Z] <<< [apiv2][body] GET https://api.github.com/repos/mypridecity/actions/secrets/public-key {"message":"Not Found","documentation_url":"https://docs.github.com/rest"}
[debug] [2022-03-11T13:16:22.173Z] >>> [apiv2][query] GET https://api.github.com/repos/mypridecity/actions/secrets/public-key type=owner
[debug] [2022-03-11T13:16:22.745Z] <<< [apiv2][status] GET https://api.github.com/repos/mypridecity/actions/secrets/public-key 404
[debug] [2022-03-11T13:16:22.746Z] <<< [apiv2][body] GET https://api.github.com/repos/mypridecity/actions/secrets/public-key {"message":"Not Found","documentation_url":"https://docs.github.com/rest"}
[debug] [2022-03-11T13:16:24.289Z] >>> [apiv2][query] GET https://api.github.com/repos/mypridecity/actions/secrets/public-key type=owner
[debug] [2022-03-11T13:16:24.833Z] <<< [apiv2][status] GET https://api.github.com/repos/mypridecity/actions/secrets/public-key 404
[debug] [2022-03-11T13:16:24.833Z] <<< [apiv2][body] GET https://api.github.com/repos/mypridecity/actions/secrets/public-key {"message":"Not Found","documentation_url":"https://docs.github.com/rest"}
[debug] [2022-03-11T13:16:25.254Z] >>> [apiv2][query] GET https://api.github.com/repos/mypridecity/actions/secrets/public-key type=owner
[debug] [2022-03-11T13:16:25.961Z] <<< [apiv2][status] GET https://api.github.com/repos/mypridecity/actions/secrets/public-key 404
[debug] [2022-03-11T13:16:25.962Z] <<< [apiv2][body] GET https://api.github.com/repos/mypridecity/actions/secrets/public-key {"message":"Not Found","documentation_url":"https://docs.github.com/rest"}
[debug] [2022-03-11T13:16:28.787Z] >>> [apiv2][query] GET https://api.github.com/repos//actions/secrets/public-key type=owner
[debug] [2022-03-11T13:16:29.291Z] <<< [apiv2][status] GET https://api.github.com/repos//actions/secrets/public-key 404
[debug] [2022-03-11T13:16:29.292Z] <<< [apiv2][body] GET https://api.github.com/repos//actions/secrets/public-key {"message":"Not Found","documentation_url":"https://docs.github.com/rest"}
[debug] [2022-03-11T13:16:32.005Z] >>> [apiv2][query] GET https://api.github.com/repos/yes/actions/secrets/public-key type=owner
[debug] [2022-03-11T13:16:32.642Z] <<< [apiv2][status] GET https://api.github.com/repos/yes/actions/secrets/public-key 404
[debug] [2022-03-11T13:16:32.643Z] <<< [apiv2][body] GET https://api.github.com/repos/yes/actions/secrets/public-key {"message":"Not Found","documentation_url":"https://docs.github.com/rest"}
[debug] [2022-03-11T13:16:33.056Z] >>> [apiv2][query] GET https://api.github.com/repos/yes/actions/secrets/public-key type=owner
[debug] [2022-03-11T13:16:33.610Z] <<< [apiv2][status] GET https://api.github.com/repos/yes/actions/secrets/public-key 404
[debug] [2022-03-11T13:16:33.611Z] <<< [apiv2][body] GET https://api.github.com/repos/yes/actions/secrets/public-key {"message":"Not Found","documentation_url":"https://docs.github.com/rest"}
[debug] [2022-03-11T13:16:38.061Z] >>> [apiv2][query] GET https://api.github.com/repos//actions/secrets/public-key type=owner
[debug] [2022-03-11T13:16:38.560Z] <<< [apiv2][status] GET https://api.github.com/repos//actions/secrets/public-key 404
[debug] [2022-03-11T13:16:38.560Z] <<< [apiv2][body] GET https://api.github.com/repos//actions/secrets/public-key {"message":"Not Found","documentation_url":"https://docs.github.com/rest"}
[debug] [2022-03-11T13:16:39.549Z] >>> [apiv2][query] GET https://api.github.com/repos//actions/secrets/public-key type=owner
[debug] [2022-03-11T13:16:40.120Z] <<< [apiv2][status] GET https://api.github.com/repos//actions/secrets/public-key 404
[debug] [2022-03-11T13:16:40.120Z] <<< [apiv2][body] GET https://api.github.com/repos//actions/secrets/public-key {"message":"Not Found","documentation_url":"https://docs.github.com/rest"}
